Timestamp: Wed, 02 Aug 2023 15:30:08 GMT | Method: POST | URL: /api/ | Status: 404 | Response Time: 16.985 ms
Timestamp: Wed, 02 Aug 2023 18:16:43 GMT | Method: POST | URL: /api/users | Status: 404 | Response Time: 21.413 ms
Timestamp: Wed, 02 Aug 2023 18:20:37 GMT | Method: POST | URL: /api/users | Status: 404 | Response Time: 15.543 ms
Timestamp: Wed, 02 Aug 2023 18:31:31 GMT | Method: POST | URL: /api/users | Status: 404 | Response Time: 19.900 ms 

Timestamp: Wed, 02 Aug 2023 18:37:23 GMT | Method: POST | URL: /api/users | Status: 404 | Response Time: 26.065 ms

Timestamp: Wed, 02 Aug 2023 18:48:19 GMT | Method: POST | URL: /api/users | Status: 404 | Response Time: 2.716 ms

Timestamp: Wed, 02 Aug 2023 18:48:51 GMT | Method: POST | URL: /api/users | Status: 404 | Response Time: 15.643 ms
Timestamp: Wed, 02 Aug 2023 18:58:06 GMT | Method: POST | URL: /api/users | Status: 404 | Response Time: 21.479 ms | Error: "phone" with value "String" fails to match the required pattern: /0[0-9]{1,2}\-?\s?[0-9]{3}\s?[0-9]{4}/

Timestamp: Wed, 02 Aug 2023 18:59:13 GMT | Method: POST | URL: /api/users | Status: 404 | Response Time: 16.928 ms
Error: "phone" with value "12" fails to match the required pattern: /0[0-9]{1,2}\-?\s?[0-9]{3}\s?[0-9]{4}/
Timestamp: Wed, 02 Aug 2023 19:05:53 GMT | Method: POST | URL: /api/users | Status: 404 | Response Time: 19.081 ms
Error: "phone" with value "123456789" fails to match the required pattern: /0[0-9]{1,2}\-?\s?[0-9]{3}\s?[0-9]{4}/
Timestamp: Wed, 02 Aug 2023 19:06:23 GMT | Method: POST | URL: /api/users | Status: 404 | Response Time: 1.289 ms
Error: "phone" with value "1234567890" fails to match the required pattern: /0[0-9]{1,2}\-?\s?[0-9]{3}\s?[0-9]{4}/
Timestamp: Wed, 02 Aug 2023 19:07:42 GMT | Method: POST | URL: /api/users | Status: 404 | Response Time: 1.502 ms
Error: "email" with value "String" fails to match the required pattern: /^([a-zA-Z0-9_\-\.]+)@([a-zA-Z0-9_\-\.]+)\.([a-zA-Z]{2,5})$/
Timestamp: Wed, 02 Aug 2023 19:07:57 GMT | Method: POST | URL: /api/users | Status: 404 | Response Time: 1.600 ms
Error: "password" must be a string
Timestamp: Wed, 02 Aug 2023 19:08:13 GMT | Method: POST | URL: /api/users | Status: 400 | Response Time: 2.124 ms
Timestamp: Wed, 02 Aug 2023 19:09:23 GMT | Method: POST | URL: /api/users | Status: 400 | Response Time: 1.259 ms
